  game.cpp
C:\Users\Shiro\Desktop\Base_Directory\Programming\_Repositories\Game\Game\Game\Handler.hpp(28,16): error C2143: syntax error: missing ';' before '*'
C:\Users\Shiro\Desktop\Base_Directory\Programming\_Repositories\Game\Game\Game\Handler.hpp(28,16): error C4430: missing type specifier - int assumed. Note: C++ does not support default-int
C:\Users\Shiro\Desktop\Base_Directory\Programming\_Repositories\Game\Game\Game\Handler.hpp(28,24): error C2238: unexpected token(s) preceding ';'
C:\Users\Shiro\Desktop\Base_Directory\Programming\_Repositories\Game\Game\Game\Handler.hpp(29,18): error C2143: syntax error: missing ';' before '*'
C:\Users\Shiro\Desktop\Base_Directory\Programming\_Repositories\Game\Game\Game\Handler.hpp(29,18): error C4430: missing type specifier - int assumed. Note: C++ does not support default-int
C:\Users\Shiro\Desktop\Base_Directory\Programming\_Repositories\Game\Game\Game\Handler.hpp(29,28): error C2238: unexpected token(s) preceding ';'
C:\Users\Shiro\Desktop\Base_Directory\Programming\_Repositories\Game\Game\Game\Handler.hpp(32,27): error C3646: 'render_color': unknown override specifier
C:\Users\Shiro\Desktop\Base_Directory\Programming\_Repositories\Game\Game\Game\Handler.hpp(32,27): error C4430: missing type specifier - int assumed. Note: C++ does not support default-int
C:\Users\Shiro\Desktop\Base_Directory\Programming\_Repositories\Game\Game\Game\Handler.hpp(50,12): error C2061: syntax error: identifier 'SDL_Color'
C:\Users\Shiro\Desktop\Base_Directory\Programming\_Repositories\Game\Game\Game\Handler.hpp(50,106): error C2143: syntax error: missing ')' before '{'
C:\Users\Shiro\Desktop\Base_Directory\Programming\_Repositories\Game\Game\Game\Handler.hpp(50,12): error C2059: syntax error: ')'
C:\Users\Shiro\Desktop\Base_Directory\Programming\_Repositories\Game\Game\Game\Handler.hpp(79,41): error C3646: 'getPointOfScreenPercentage': unknown override specifier
C:\Users\Shiro\Desktop\Base_Directory\Programming\_Repositories\Game\Game\Game\Handler.hpp(79,41): error C2059: syntax error: '('
C:\Users\Shiro\Desktop\Base_Directory\Programming\_Repositories\Game\Game\Game\Handler.hpp(79,61): error C2238: unexpected token(s) preceding ';'
C:\Users\Shiro\Desktop\Base_Directory\Programming\_Repositories\Game\Game\Game\Handler.hpp(91,27): error C2061: syntax error: identifier 'SDL_Rect'
C:\Users\Shiro\Desktop\Base_Directory\Programming\_Repositories\Game\Game\Game\Handler.hpp(91,102): error C2143: syntax error: missing ')' before '{'
C:\Users\Shiro\Desktop\Base_Directory\Programming\_Repositories\Game\Game\Game\Handler.hpp(91,128): error C2059: syntax error: ','
C:\Users\Shiro\Desktop\Base_Directory\Programming\_Repositories\Game\Game\Game\Handler.hpp(92,47): error C2334: unexpected token(s) preceding '{'; skipping apparent function body
C:\Users\Shiro\Desktop\Base_Directory\Programming\_Repositories\Game\Game\Game\Handler.hpp(92,73): error C2059: syntax error: ')'
C:\Users\Shiro\Desktop\Base_Directory\Programming\_Repositories\Game\Game\Game\Handler.hpp(104,51): error C2061: syntax error: identifier 'SDL_Rect'
C:\Users\Shiro\Desktop\Base_Directory\Programming\_Repositories\Game\Game\Game\Handler.hpp(50,12): error C2143: syntax error: missing ';' before '}'
C:\Users\Shiro\Desktop\Base_Directory\Programming\_Repositories\Game\Game\Game\Handler.hpp(91,127): error C2143: syntax error: missing ';' before '}'
  Handler.cpp
C:\Users\Shiro\Desktop\Base_Directory\Programming\_Repositories\Game\Game\Game\Handler.cpp(8,10): fatal error C1083: Cannot open include file: 'SDL2/SDL.h': No such file or directory
  Generating Code...
